2020.11.22 23:46:22 INFO  Started: Metals version 0.9.6 in workspace '/Users/ashwini.p/Documents/GitHub/polygon_finding' for client vscode.
2020.11.22 23:46:25 INFO  time: initialize in 2.38s
2020.11.22 23:46:26 WARN  Build server is not auto-connectable.
2020.11.22 23:46:26 WARN  no build tool detected in workspace '/Users/ashwini.p/Documents/GitHub/polygon_finding'. The most common cause for this problem is that the editor was opened in the wrong working directory, for example if you use sbt then the workspace directory should contain build.sbt. 
2020.11.23 13:54:32 INFO  Started: Metals version 0.9.6 in workspace '/Users/ashwini.p/Documents/GitHub/polygon_finding' for client vscode.
2020.11.23 13:54:35 INFO  time: initialize in 3.17s
2020.11.23 13:54:40 WARN  Build server is not auto-connectable.
2020.11.23 13:54:40 WARN  no build tool detected in workspace '/Users/ashwini.p/Documents/GitHub/polygon_finding'. The most common cause for this problem is that the editor was opened in the wrong working directory, for example if you use sbt then the workspace directory should contain build.sbt. 
2020.11.27 04:37:52 INFO  Started: Metals version 0.9.6 in workspace '/Users/ashwini.p/Documents/GitHub/polygon_finding' for client vscode.
2020.11.27 04:37:55 INFO  time: initialize in 2.76s
2020.11.27 04:37:59 WARN  Build server is not auto-connectable.
2020.11.27 04:37:59 WARN  no build tool detected in workspace '/Users/ashwini.p/Documents/GitHub/polygon_finding'. The most common cause for this problem is that the editor was opened in the wrong working directory, for example if you use sbt then the workspace directory should contain build.sbt. 
2020.11.30 04:15:31 INFO  Started: Metals version 0.9.7 in workspace '/Users/ashwini.p/Documents/GitHub/polygon_finding' for client vscode.
2020.11.30 04:15:34 INFO  time: initialize in 3.05s
2020.11.30 04:15:38 WARN  Build server is not auto-connectable.
2020.11.30 04:15:38 WARN  no build tool detected in workspace '/Users/ashwini.p/Documents/GitHub/polygon_finding'. The most common cause for this problem is that the editor was opened in the wrong working directory, for example if you use sbt then the workspace directory should contain build.sbt. 
2020.12.02 21:01:54 INFO  shutting down Metals
2020.12.07 05:42:32 INFO  Started: Metals version 0.9.7 in workspace '/Users/ashwini.p/Documents/GitHub/polygon_finding' for client vscode.
2020.12.07 05:42:32 INFO  time: initialize in 0.39s
2020.12.07 05:42:33 WARN  Build server is not auto-connectable.
2020.12.07 05:42:33 WARN  no build tool detected in workspace '/Users/ashwini.p/Documents/GitHub/polygon_finding'. The most common cause for this problem is that the editor was opened in the wrong working directory, for example if you use sbt then the workspace directory should contain build.sbt. 
